<?xml version="1.0" encoding="UTF-8"?>
<testsuites>
    <testsuite name="force.apex" timestamp="2026-07-02T03:37:10.000Z" hostname="https://orgfarm-da5168aaec-dev-ed.develop.my.salesforce.com" tests="20" failures="0"  errors="0"  time="1.45">
        <properties>
            <property name="outcome" value="Successful"/>
            <property name="testsRan" value="20"/>
            <property name="passing" value="20"/>
            <property name="failing" value="0"/>
            <property name="skipped" value="0"/>
            <property name="passRate" value="100%"/>
            <property name="failRate" value="0%"/>
            <property name="testStartTime" value="Thu Jul 02 2026 06:37:10"/>
            <property name="testSetupTimeInMs" value="893"/>
            <property name="testExecutionTime" value="1.45 s"/>
            <property name="testTotalTime" value="2.35 s"/>
            <property name="commandTime" value="0.26 s"/>
            <property name="hostname" value="https://orgfarm-da5168aaec-dev-ed.develop.my.salesforce.com"/>
            <property name="orgId" value="00Dfj00000SWcbYEAT"/>
            <property name="username" value="pendual225.13e69bfb996b@agentforce.com"/>
            <property name="testRunId" value="707fj00000hI5rw"/>
            <property name="userId" value="005fj00000HZ25CAAT"/>
            <property name="coveredLines" value="156"/>
            <property name="testRunCoverage" value="96%"/>
            <property name="orgWideCoverage" value="96%"/>
        </properties>
        <testcase name="testCheckout_Success" classname="ItemServiceTest" time="0.42">
        </testcase>
        <testcase name="testCreateItem_Success" classname="ItemServiceTest" time="0.10">
        </testcase>
        <testcase name="testGetItems_CombinedFilters" classname="ItemServiceTest" time="0.05">
        </testcase>
        <testcase name="testGetItems_FamilyFilter" classname="ItemServiceTest" time="0.03">
        </testcase>
        <testcase name="testGetItems_NoFilters" classname="ItemServiceTest" time="0.04">
        </testcase>
        <testcase name="testGetItems_SearchByDescription" classname="ItemServiceTest" time="0.04">
        </testcase>
        <testcase name="testGetItems_SearchByName" classname="ItemServiceTest" time="0.03">
        </testcase>
        <testcase name="testGetItems_TypeFilter" classname="ItemServiceTest" time="0.03">
        </testcase>
        <testcase name="testCheckoutEmptyCart" classname="ItemPusrchaseControllerTestSuite" time="0.12">
        </testcase>
        <testcase name="testCheckoutMultipleSameItem" classname="ItemPusrchaseControllerTestSuite" time="0.24">
        </testcase>
        <testcase name="testGetAccountInfo" classname="ItemPusrchaseControllerTestSuite" time="0.03">
        </testcase>
        <testcase name="testGetItemsCombinedFilters" classname="ItemPusrchaseControllerTestSuite" time="0.04">
        </testcase>
        <testcase name="testGetItemsEmptyStringsAsFilters" classname="ItemPusrchaseControllerTestSuite" time="0.03">
        </testcase>
        <testcase name="testGetItemsFilterFamily" classname="ItemPusrchaseControllerTestSuite" time="0.03">
        </testcase>
        <testcase name="testGetItemsFilterType" classname="ItemPusrchaseControllerTestSuite" time="0.02">
        </testcase>
        <testcase name="testGetItemsNoFilters" classname="ItemPusrchaseControllerTestSuite" time="0.02">
        </testcase>
        <testcase name="testGetItemsNoResults" classname="ItemPusrchaseControllerTestSuite" time="0.03">
        </testcase>
        <testcase name="testGetPicklistValues" classname="ItemPusrchaseControllerTestSuite" time="0.14">
        </testcase>
    </testsuite>
</testsuites>
