<?xml version="1.0" encoding="UTF-8"?>
<testsuites>
    <testsuite name="force.apex" timestamp="2026-07-02T03:33:07.000Z" hostname="https://orgfarm-da5168aaec-dev-ed.develop.my.salesforce.com" tests="24" failures="4"  errors="0"  time="2.13">
        <properties>
            <property name="outcome" value="Failed"/>
            <property name="testsRan" value="24"/>
            <property name="passing" value="20"/>
            <property name="failing" value="4"/>
            <property name="skipped" value="0"/>
            <property name="passRate" value="83%"/>
            <property name="failRate" value="17%"/>
            <property name="testStartTime" value="Thu Jul 02 2026 06:33:07"/>
            <property name="testSetupTimeInMs" value="733"/>
            <property name="testExecutionTime" value="2.13 s"/>
            <property name="testTotalTime" value="2.87 s"/>
            <property name="commandTime" value="0.28 s"/>
            <property name="hostname" value="https://orgfarm-da5168aaec-dev-ed.develop.my.salesforce.com"/>
            <property name="orgId" value="00Dfj00000SWcbYEAT"/>
            <property name="username" value="pendual225.13e69bfb996b@agentforce.com"/>
            <property name="testRunId" value="707fj00000hHU2G"/>
            <property name="userId" value="005fj00000HZ25CAAT"/>
            <property name="coveredLines" value="158"/>
            <property name="testRunCoverage" value="98%"/>
            <property name="orgWideCoverage" value="97%"/>
        </properties>
        <testcase name="testCheckout_InsufficientStock" classname="ItemServiceTest" time="0.10">
            <failure message="System.AssertException: Assertion Failed: Exception message should mention stock"><![CDATA[Class.ItemServiceTest.testCheckout_InsufficientStock: line 140, column 1]]></failure>
        </testcase>
        <testcase name="testCheckout_Success" classname="ItemServiceTest" time="0.36">
        </testcase>
        <testcase name="testCreateItem_Success" classname="ItemServiceTest" time="0.08">
        </testcase>
        <testcase name="testGetItems_CombinedFilters" classname="ItemServiceTest" time="0.05">
        </testcase>
        <testcase name="testGetItems_FamilyFilter" classname="ItemServiceTest" time="0.03">
        </testcase>
        <testcase name="testGetItems_NoFilters" classname="ItemServiceTest" time="0.03">
        </testcase>
        <testcase name="testGetItems_SearchByDescription" classname="ItemServiceTest" time="0.03">
        </testcase>
        <testcase name="testGetItems_SearchByName" classname="ItemServiceTest" time="0.03">
        </testcase>
        <testcase name="testGetItems_TypeFilter" classname="ItemServiceTest" time="0.03">
        </testcase>
        <testcase name="testCheckoutEmptyCart" classname="ItemPusrchaseControllerTestSuite" time="0.17">
        </testcase>
        <testcase name="testCheckoutInsufficientStock" classname="ItemPusrchaseControllerTestSuite" time="0.08">
            <failure message="System.AssertException: Assertion Failed"><![CDATA[Class.ItemPusrchaseControllerTestSuite.testCheckoutInsufficientStock: line 201, column 1]]></failure>
        </testcase>
        <testcase name="testCheckoutMultipleSameItem" classname="ItemPusrchaseControllerTestSuite" time="0.31">
        </testcase>
        <testcase name="testCheckoutSuccess" classname="ItemPusrchaseControllerTestSuite" time="0.31">
            <failure message="System.AssertException: Assertion Failed: Expected: 90, Actual: 0"><![CDATA[Class.ItemPusrchaseControllerTestSuite.testCheckoutSuccess: line 183, column 1]]></failure>
        </testcase>
        <testcase name="testGetAccountInfo" classname="ItemPusrchaseControllerTestSuite" time="0.06">
        </testcase>
        <testcase name="testGetItemsCombinedFilters" classname="ItemPusrchaseControllerTestSuite" time="0.06">
        </testcase>
        <testcase name="testGetItemsEmptyStringsAsFilters" classname="ItemPusrchaseControllerTestSuite" time="0.05">
        </testcase>
        <testcase name="testGetItemsFilterFamily" classname="ItemPusrchaseControllerTestSuite" time="0.04">
        </testcase>
        <testcase name="testGetItemsFilterType" classname="ItemPusrchaseControllerTestSuite" time="0.04">
        </testcase>
        <testcase name="testGetItemsNoFilters" classname="ItemPusrchaseControllerTestSuite" time="0.03">
        </testcase>
        <testcase name="testGetItemsNoResults" classname="ItemPusrchaseControllerTestSuite" time="0.04">
        </testcase>
        <testcase name="testGetItemsSearchKey" classname="ItemPusrchaseControllerTestSuite" time="0.06">
            <failure message="System.FinalException: Testing already started"><![CDATA[(System Code)
Class.ItemPusrchaseControllerTestSuite.testGetItemsSearchKey: line 129, column 1]]></failure>
        </testcase>
        <testcase name="testGetPicklistValues" classname="ItemPusrchaseControllerTestSuite" time="0.15">
        </testcase>
    </testsuite>
</testsuites>
